Using Keras 3.13.2
Model and tokenizer loaded successfully
 * Serving Flask app 'backend.app'
 * Debug mode: off

[1m  1/157[0m [37m====================[0m [1m1:57[0m 751ms/step
[1m  2/157[0m [37m====================[0m [1m10s[0m 68ms/step  
[1m  3/157[0m [37m====================[0m [1m10s[0m 66ms/step
[1m  4/157[0m [37m====================[0m [1m10s[0m 66ms/step
[1m  5/157[0m [37m====================[0m [1m10s[0m 68ms/step
[1m  6/157[0m [37m====================[0m [1m11s[0m 74ms/step
[1m  7/157[0m [37m====================[0m [1m11s[0m 74ms/step
[1m  8/157[0m [32m=[0m[37m===================[0m [1m11s[0m 77ms/step
[1m  9/157[0m [32m=[0m[37m===================[0m [1m11s[0m 76ms/step
[1m 11/157[0m [32m=[0m[37m===================[0m [1m10s[0m 72ms/step
[1m 12/157[0m [32m=[0m[37m===================[0m [1m10s[0m 71ms/step
[1m 13/157[0m [32m=[0m[37m===================[0m [1m10s[0m 71ms/step
[1m 14/157[0m [32m=[0m[37m===================[0m [1m10s[0m 71ms/step
[1m 15/157[0m [32m=[0m[37m===================[0m [1m10s[0m 73ms/step
[1m 16/157[0m [32m==[0m[37m==================[0m [1m10s[0m 73ms/step
[1m 17/157[0m [32m==[0m[37m==================[0m [1m10s[0m 72ms/step
[1m 18/157[0m [32m==[0m[37m==================[0m [1m9s[0m 72ms/step 
[1m 19/157[0m [32m==[0m[37m==================[0m [1m9s[0m 71ms/step
[1m 20/157[0m [32m==[0m[37m==================[0m [1m9s[0m 71ms/step
[1m 21/157[0m [32m==[0m[37m==================[0m [1m9s[0m 72ms/step
[1m 22/157[0m [32m==[0m[37m==================[0m [1m9s[0m 72ms/step
[1m 23/157[0m [32m==[0m[37m==================[0m [1m9s[0m 72ms/step
[1m 24/157[0m [32m===[0m[37m=================[0m [1m9s[0m 71ms/step
[1m 25/157[0m [32m===[0m[37m=================[0m [1m9s[0m 71ms/step
[1m 26/157[0m [32m===[0m[37m=================[0m [1m9s[0m 71ms/step
[1m 27/157[0m [32m===[0m[37m=================[0m [1m9s[0m 70ms/step
[1m 28/157[0m [32m===[0m[37m=================[0m [1m9s[0m 70ms/step
[1m 29/157[0m [32m===[0m[37m=================[0m [1m8s[0m 70ms/step
[1m 30/157[0m [32m===[0m[37m=================[0m [1m8s[0m 70ms/step
[1m 31/157[0m [32m===[0m[37m=================[0m [1m8s[0m 70ms/step
[1m 32/157[0m [32m====[0m[37m================[0m [1m8s[0m 69ms/step
[1m 33/157[0m [32m====[0m[37m================[0m [1m8s[0m 69ms/step
[1m 34/157[0m [32m====[0m[37m================[0m [1m8s[0m 69ms/step
[1m 35/157[0m [32m====[0m[37m================[0m [1m8s[0m 71ms/step
[1m 36/157[0m [32m====[0m[37m================[0m [1m8s[0m 70ms/step
[1m 37/157[0m [32m====[0m[37m================[0m [1m8s[0m 70ms/step
[1m 38/157[0m [32m====[0m[37m================[0m [1m8s[0m 71ms/step
[1m 39/157[0m [32m====[0m[37m================[0m [1m8s[0m 71ms/step
[1m 40/157[0m [32m=====[0m[37m===============[0m [1m8s[0m 71ms/step
[1m 41/157[0m [32m=====[0m[37m===============[0m [1m8s[0m 71ms/step
[1m 42/157[0m [32m=====[0m[37m===============[0m [1m8s[0m 71ms/step
[1m 43/157[0m [32m=====[0m[37m===============[0m [1m8s[0m 71ms/step
[1m 44/157[0m [32m=====[0m[37m===============[0m [1m8s[0m 71ms/step
[1m 45/157[0m [32m=====[0m[37m===============[0m [1m7s[0m 71ms/step
[1m 46/157[0m [32m=====[0m[37m===============[0m [1m7s[0m 71ms/step
[1m 47/157[0m [32m=====[0m[37m===============[0m [1m7s[0m 70ms/step
[1m 48/157[0m [32m======[0m[37m==============[0m [1m7s[0m 70ms/step
[1m 49/157[0m [32m======[0m[37m==============[0m [1m7s[0m 70ms/step
[1m 50/157[0m [32m======[0m[37m==============[0m [1m7s[0m 71ms/step
[1m 51/157[0m [32m======[0m[37m==============[0m [1m7s[0m 71ms/step
[1m 52/157[0m [32m======[0m[37m==============[0m [1m7s[0m 72ms/step
[1m 53/157[0m [32m======[0m[37m==============[0m [1m7s[0m 72ms/step
[1m 54/157[0m [32m======[0m[37m==============[0m [1m7s[0m 72ms/step
[1m 55/157[0m [32m=======[0m[37m=============[0m [1m7s[0m 72ms/step
[1m 56/157[0m [32m=======[0m[37m=============[0m [1m7s[0m 72ms/step
[1m 57/157[0m [32m=======[0m[37m=============[0m [1m7s[0m 72ms/step
[1m 58/157[0m [32m=======[0m[37m=============[0m [1m7s[0m 71ms/step
[1m 59/157[0m [32m=======[0m[37m=============[0m [1m6s[0m 71ms/step
[1m 60/157[0m [32m=======[0m[37m=============[0m [1m6s[0m 71ms/step
[1m 61/157[0m [32m=======[0m[37m=============[0m [1m6s[0m 71ms/step
[1m 62/157[0m [32m=======[0m[37m=============[0m [1m6s[0m 71ms/step
[1m 63/157[0m [32m========[0m[37m============[0m [1m6s[0m 71ms/step
[1m 64/157[0m [32m========[0m[37m============[0m [1m6s[0m 71ms/step
[1m 65/157[0m [32m========[0m[37m============[0m [1m6s[0m 71ms/step
[1m 66/157[0m [32m========[0m[37m============[0m [1m6s[0m 71ms/step
[1m 67/157[0m [32m========[0m[37m============[0m [1m6s[0m 71ms/step
[1m 68/157[0m [32m========[0m[37m============[0m [1m6s[0m 70ms/step
[1m 69/157[0m [32m========[0m[37m============[0m [1m6s[0m 70ms/step
[1m 70/157[0m [32m========[0m[37m============[0m [1m6s[0m 70ms/step
[1m 71/157[0m [32m=========[0m[37m===========[0m [1m6s[0m 70ms/step
[1m 72/157[0m [32m=========[0m[37m===========[0m [1m5s[0m 70ms/step
[1m 73/157[0m [32m=========[0m[37m===========[0m [1m5s[0m 70ms/step
[1m 74/157[0m [32m=========[0m[37m===========[0m [1m5s[0m 70ms/step
[1m 75/157[0m [32m=========[0m[37m===========[0m [1m5s[0m 70ms/step
[1m 76/157[0m [32m=========[0m[37m===========[0m [1m5s[0m 70ms/step
[1m 77/157[0m [32m=========[0m[37m===========[0m [1m5s[0m 70ms/step
[1m 78/157[0m [32m=========[0m[37m===========[0m [1m5s[0m 70ms/step
[1m 79/157[0m [32m==========[0m[37m==========[0m [1m5s[0m 70ms/step
[1m 80/157[0m [32m==========[0m[37m==========[0m [1m5s[0m 70ms/step
[1m 81/157[0m [32m==========[0m[37m==========[0m [1m5s[0m 70ms/step
[1m 82/157[0m [32m==========[0m[37m==========[0m [1m5s[0m 70ms/step
[1m 83/157[0m [32m==========[0m[37m==========[0m [1m5s[0m 69ms/step
[1m 84/157[0m [32m==========[0m[37m==========[0m [1m5s[0m 69ms/step
[1m 85/157[0m [32m==========[0m[37m==========[0m [1m4s[0m 69ms/step
[1m 86/157[0m [32m==========[0m[37m==========[0m [1m4s[0m 69ms/step
[1m 87/157[0m [32m===========[0m[37m=========[0m [1m4s[0m 69ms/step
[1m 88/157[0m [32m===========[0m[37m=========[0m [1m4s[0m 69ms/step
[1m 89/157[0m [32m===========[0m[37m=========[0m [1m4s[0m 69ms/step
[1m 90/157[0m [32m===========[0m[37m=========[0m [1m4s[0m 69ms/step
[1m 91/157[0m [32m===========[0m[37m=========[0m [1m4s[0m 69ms/step
[1m 92/157[0m [32m===========[0m[37m=========[0m [1m4s[0m 69ms/step
[1m 93/157[0m [32m===========[0m[37m=========[0m [1m4s[0m 69ms/step
[1m 94/157[0m [32m===========[0m[37m=========[0m [1m4s[0m 69ms/step
[1m 95/157[0m [32m============[0m[37m========[0m [1m4s[0m 69ms/step
[1m 96/157[0m [32m============[0m[37m========[0m [1m4s[0m 69ms/step
[1m 97/157[0m [32m============[0m[37m========[0m [1m4s[0m 69ms/step
[1m 98/157[0m [32m============[0m[37m========[0m [1m4s[0m 69ms/step
[1m 99/157[0m [32m============[0m[37m========[0m [1m3s[0m 69ms/step
[1m100/157[0m [32m============[0m[37m========[0m [1m3s[0m 69ms/step
[1m101/157[0m [32m============[0m[37m========[0m [1m3s[0m 69ms/step
[1m102/157[0m [32m============[0m[37m========[0m [1m3s[0m 68ms/step
[1m103/157[0m [32m=============[0m[37m=======[0m [1m3s[0m 68ms/step
[1m104/157[0m [32m=============[0m[37m=======[0m [1m3s[0m 68ms/step
[1m105/157[0m [32m=============[0m[37m=======[0m [1m3s[0m 69ms/step
[1m106/157[0m [32m=============[0m[37m=======[0m [1m3s[0m 69ms/step
[1m107/157[0m [32m=============[0m[37m=======[0m [1m3s[0m 68ms/step
[1m108/157[0m [32m=============[0m[37m=======[0m [1m3s[0m 68ms/step
[1m109/157[0m [32m=============[0m[37m=======[0m [1m3s[0m 68ms/step
[1m110/157[0m [32m==============[0m[37m======[0m [1m3s[0m 68ms/step
[1m111/157[0m [32m==============[0m[37m======[0m [1m3s[0m 68ms/step
[1m112/157[0m [32m==============[0m[37m======[0m [1m3s[0m 68ms/step
[1m113/157[0m [32m==============[0m[37m======[0m [1m2s[0m 68ms/step
[1m114/157[0m [32m==============[0m[37m======[0m [1m2s[0m 68ms/step
[1m115/157[0m [32m==============[0m[37m======[0m [1m2s[0m 68ms/step
[1m116/157[0m [32m==============[0m[37m======[0m [1m2s[0m 68ms/step
[1m117/157[0m [32m==============[0m[37m======[0m [1m2s[0m 68ms/step
[1m118/157[0m [32m===============[0m[37m=====[0m [1m2s[0m 68ms/step
[1m119/157[0m [32m===============[0m[37m=====[0m [1m2s[0m 68ms/step
[1m120/157[0m [32m===============[0m[37m=====[0m [1m2s[0m 68ms/step
[1m121/157[0m [32m===============[0m[37m=====[0m [1m2s[0m 68ms/step
[1m122/157[0m [32m===============[0m[37m=====[0m [1m2s[0m 68ms/step
[1m123/157[0m [32m===============[0m[37m=====[0m [1m2s[0m 68ms/step
[1m124/157[0m [32m===============[0m[37m=====[0m [1m2s[0m 68ms/step
[1m125/157[0m [32m===============[0m[37m=====[0m [1m2s[0m 68ms/step
[1m126/157[0m [32m================[0m[37m====[0m [1m2s[0m 68ms/step
[1m127/157[0m [32m================[0m[37m====[0m [1m2s[0m 68ms/step
[1m128/157[0m [32m================[0m[37m====[0m [1m1s[0m 68ms/step
[1m129/157[0m [32m================[0m[37m====[0m [1m1s[0m 68ms/step
[1m130/157[0m [32m================[0m[37m====[0m [1m1s[0m 68ms/step
[1m131/157[0m [32m================[0m[37m====[0m [1m1s[0m 68ms/step
[1m132/157[0m [32m================[0m[37m====[0m [1m1s[0m 68ms/step
[1m133/157[0m [32m================[0m[37m====[0m [1m1s[0m 68ms/step
[1m134/157[0m [32m=================[0m[37m===[0m [1m1s[0m 67ms/step
[1m135/157[0m [32m=================[0m[37m===[0m [1m1s[0m 67ms/step
[1m136/157[0m [32m=================[0m[37m===[0m [1m1s[0m 67ms/step
[1m137/157[0m [32m=================[0m[37m===[0m [1m1s[0m 67ms/step
[1m138/157[0m [32m=================[0m[37m===[0m [1m1s[0m 67ms/step
[1m139/157[0m [32m=================[0m[37m===[0m [1m1s[0m 67ms/step
[1m140/157[0m [32m=================[0m[37m===[0m [1m1s[0m 67ms/step
[1m141/157[0m [32m=================[0m[37m===[0m [1m1s[0m 68ms/step
[1m142/157[0m [32m==================[0m[37m==[0m [1m1s[0m 68ms/step
[1m143/157[0m [32m==================[0m[37m==[0m [1m0s[0m 68ms/step
[1m144/157[0m [32m==================[0m[37m==[0m [1m0s[0m 68ms/step
[1m145/157[0m [32m==================[0m[37m==[0m [1m0s[0m 67ms/step
[1m146/157[0m [32m==================[0m[37m==[0m [1m0s[0m 67ms/step
[1m147/157[0m [32m==================[0m[37m==[0m [1m0s[0m 67ms/step
[1m148/157[0m [32m==================[0m[37m==[0m [1m0s[0m 67ms/step
[1m149/157[0m [32m==================[0m[37m==[0m [1m0s[0m 67ms/step
[1m150/157[0m [32m===================[0m[37m=[0m [1m0s[0m 67ms/step
[1m151/157[0m [32m===================[0m[37m=[0m [1m0s[0m 67ms/step
[1m152/157[0m [32m===================[0m[37m=[0m [1m0s[0m 67ms/step
[1m153/157[0m [32m===================[0m[37m=[0m [1m0s[0m 67ms/step
[1m154/157[0m [32m===================[0m[37m=[0m [1m0s[0m 67ms/step
[1m155/157[0m [32m===================[0m[37m=[0m [1m0s[0m 67ms/step
[1m156/157[0m [32m===================[0m[37m=[0m [1m0s[0m 67ms/step
[1m157/157[0m [32m====================[0m[37m[0m [1m11s[0m 67ms/step

[1m  1/157[0m [37m====================[0m [1m19s[0m 124ms/step
[1m  2/157[0m [37m====================[0m [1m12s[0m 80ms/step 
[1m  4/157[0m [37m====================[0m [1m9s[0m 62ms/step 
[1m  6/157[0m [37m====================[0m [1m8s[0m 57ms/step
[1m  7/157[0m [37m====================[0m [1m8s[0m 56ms/step
[1m  8/157[0m [32m=[0m[37m===================[0m [1m8s[0m 59ms/step
[1m  9/157[0m [32m=[0m[37m===================[0m [1m9s[0m 62ms/step
[1m 10/157[0m [32m=[0m[37m===================[0m [1m9s[0m 63ms/step
[1m 12/157[0m [32m=[0m[37m===================[0m [1m8s[0m 61ms/step
[1m 14/157[0m [32m=[0m[37m===================[0m [1m8s[0m 59ms/step
[1m 15/157[0m [32m=[0m[37m===================[0m [1m8s[0m 59ms/step
[1m 16/157[0m [32m==[0m[37m==================[0m [1m8s[0m 60ms/step
[1m 17/157[0m [32m==[0m[37m==================[0m [1m8s[0m 61ms/step
[1m 18/157[0m [32m==[0m[37m==================[0m [1m8s[0m 61ms/step
[1m 19/157[0m [32m==[0m[37m==================[0m [1m8s[0m 61ms/step
[1m 21/157[0m [32m==[0m[37m==================[0m [1m8s[0m 60ms/step
[1m 22/157[0m [32m==[0m[37m==================[0m [1m8s[0m 59ms/step
[1m 24/157[0m [32m===[0m[37m=================[0m [1m7s[0m 58ms/step
[1m 26/157[0m [32m===[0m[37m=================[0m [1m7s[0m 57ms/step
[1m 27/157[0m [32m===[0m[37m=================[0m [1m7s[0m 58ms/step
[1m 28/157[0m [32m===[0m[37m=================[0m [1m7s[0m 59ms/step
[1m 29/157[0m [32m===[0m[37m=================[0m [1m7s[0m 61ms/step
[1m 30/157[0m [32m===[0m[37m=================[0m [1m7s[0m 62ms/step
[1m 31/157[0m [32m===[0m[37m=================[0m [1m7s[0m 62ms/step
[1m 32/157[0m [32m====[0m[37m================[0m [1m7s[0m 63ms/step
[1m 33/157[0m [32m====[0m[37m================[0m [1m7s[0m 63ms/step
[1m 34/157[0m [32m====[0m[37m================[0m [1m7s[0m 63ms/step
[1m 36/157[0m [32m====[0m[37m================[0m [1m7s[0m 62ms/step
[1m 38/157[0m [32m====[0m[37m================[0m [1m7s[0m 61ms/step
[1m 39/157[0m [32m====[0m[37m================[0m [1m7s[0m 61ms/step
[1m 40/157[0m [32m=====[0m[37m===============[0m [1m7s[0m 61ms/step
[1m 42/157[0m [32m=====[0m[37m===============[0m [1m6s[0m 61ms/step
[1m 43/157[0m [32m=====[0m[37m===============[0m [1m7s[0m 62ms/step
[1m 44/157[0m [32m=====[0m[37m===============[0m [1m7s[0m 62ms/step
[1m 45/157[0m [32m=====[0m[37m===============[0m [1m6s[0m 62ms/step
[1m 46/157[0m [32m=====[0m[37m===============[0m [1m7s[0m 63ms/step
[1m 47/157[0m [32m=====[0m[37m===============[0m [1m6s[0m 63ms/step
[1m 48/157[0m [32m======[0m[37m==============[0m [1m6s[0m 63ms/step
[1m 49/157[0m [32m======[0m[37m==============[0m [1m6s[0m 63ms/step
[1m 50/157[0m [32m======[0m[37m==============[0m [1m6s[0m 63ms/step
[1m 51/157[0m [32m======[0m[37m==============[0m [1m6s[0m 63ms/step
[1m 53/157[0m [32m======[0m[37m==============[0m [1m6s[0m 62ms/step
[1m 54/157[0m [32m======[0m[37m==============[0m [1m6s[0m 62ms/step
[1m 55/157[0m [32m=======[0m[37m=============[0m [1m6s[0m 62ms/step
[1m 57/157[0m [32m=======[0m[37m=============[0m [1m6s[0m 62ms/step
[1m 58/157[0m [32m=======[0m[37m=============[0m [1m6s[0m 62ms/step
[1m 59/157[0m [32m=======[0m[37m=============[0m [1m6s[0m 62ms/step
[1m 61/157[0m [32m=======[0m[37m=============[0m [1m5s[0m 62ms/step
[1m 62/157[0m [32m=======[0m[37m=============[0m [1m5s[0m 62ms/step
[1m 63/157[0m [32m========[0m[37m============[0m [1m5s[0m 62ms/step
[1m 64/157[0m [32m========[0m[37m============[0m [1m5s[0m 62ms/step
[1m 66/157[0m [32m========[0m[37m============[0m [1m5s[0m 62ms/step
[1m 67/157[0m [32m========[0m[37m============[0m [1m5s[0m 62ms/step
[1m 68/157[0m [32m========[0m[37m============[0m [1m5s[0m 62ms/step
[1m 69/157[0m [32m========[0m[37m============[0m [1m5s[0m 62ms/step
[1m 70/157[0m [32m========[0m[37m============[0m [1m5s[0m 62ms/step
[1m 72/157[0m [32m=========[0m[37m===========[0m [1m5s[0m 62ms/step
[1m 73/157[0m [32m=========[0m[37m===========[0m [1m5s[0m 62ms/step
[1m 74/157[0m [32m=========[0m[37m===========[0m [1m5s[0m 62ms/step
[1m 75/157[0m [32m=========[0m[37m===========[0m [1m5s[0m 62ms/step
[1m 76/157[0m [32m=========[0m[37m===========[0m [1m5s[0m 62ms/step
[1m 77/157[0m [32m=========[0m[37m===========[0m [1m5s[0m 63ms/step
[1m 79/157[0m [32m==========[0m[37m==========[0m [1m4s[0m 62ms/step
[1m 81/157[0m [32m==========[0m[37m==========[0m [1m4s[0m 62ms/step
[1m 82/157[0m [32m==========[0m[37m==========[0m [1m4s[0m 62ms/step
[1m 83/157[0m [32m==========[0m[37m==========[0m [1m4s[0m 62ms/step
[1m 85/157[0m [32m==========[0m[37m==========[0m [1m4s[0m 62ms/step
[1m 86/157[0m [32m==========[0m[37m==========[0m [1m4s[0m 62ms/step
[1m 87/157[0m [32m===========[0m[37m=========[0m [1m4s[0m 62ms/step
[1m 88/157[0m [32m===========[0m[37m=========[0m [1m4s[0m 61ms/step
[1m 89/157[0m [32m===========[0m[37m=========[0m [1m4s[0m 61ms/step
[1m 91/157[0m [32m===========[0m[37m=========[0m [1m4s[0m 61ms/step
[1m 92/157[0m [32m===========[0m[37m=========[0m [1m3s[0m 61ms/step
[1m 94/157[0m [32m===========[0m[37m=========[0m [1m3s[0m 61ms/step
[1m 95/157[0m [32m============[0m[37m========[0m [1m3s[0m 61ms/step
[1m 97/157[0m [32m============[0m[37m========[0m [1m3s[0m 60ms/step
[1m 98/157[0m [32m============[0m[37m========[0m [1m3s[0m 60ms/step
[1m100/157[0m [32m============[0m[37m========[0m [1m3s[0m 60ms/step
[1m101/157[0m [32m============[0m[37m========[0m [1m3s[0m 60ms/step
[1m102/157[0m [32m============[0m[37m========[0m [1m3s[0m 60ms/step
[1m103/157[0m [32m=============[0m[37m=======[0m [1m3s[0m 60ms/step
[1m104/157[0m [32m=============[0m[37m=======[0m [1m3s[0m 60ms/step
[1m106/157[0m [32m=============[0m[37m=======[0m [1m3s[0m 60ms/step
[1m107/157[0m [32m=============[0m[37m=======[0m [1m3s[0m 61ms/step
[1m108/157[0m [32m=============[0m[37m=======[0m [1m2s[0m 61ms/step
[1m109/157[0m [32m=============[0m[37m=======[0m [1m2s[0m 61ms/step
[1m110/157[0m [32m==============[0m[37m======[0m [1m2s[0m 61ms/step
[1m111/157[0m [32m==============[0m[37m======[0m [1m2s[0m 61ms/step
[1m112/157[0m [32m==============[0m[37m======[0m [1m2s[0m 61ms/step
[1m113/157[0m [32m==============[0m[37m======[0m [1m2s[0m 61ms/step
[1m114/157[0m [32m==============[0m[37m======[0m [1m2s[0m 61ms/step
[1m115/157[0m [32m==============[0m[37m======[0m [1m2s[0m 62ms/step
[1m116/157[0m [32m==============[0m[37m======[0m [1m2s[0m 62ms/step
[1m117/157[0m [32m==============[0m[37m======[0m [1m2s[0m 62ms/step
[1m118/157[0m [32m===============[0m[37m=====[0m [1m2s[0m 62ms/step
[1m119/157[0m [32m===============[0m[37m=====[0m [1m2s[0m 62ms/step
[1m120/157[0m [32m===============[0m[37m=====[0m [1m2s[0m 62ms/step
[1m121/157[0m [32m===============[0m[37m=====[0m [1m2s[0m 62ms/step
[1m122/157[0m [32m===============[0m[37m=====[0m [1m2s[0m 62ms/step
[1m123/157[0m [32m===============[0m[37m=====[0m [1m2s[0m 62ms/step
[1m124/157[0m [32m===============[0m[37m=====[0m [1m2s[0m 62ms/step
[1m125/157[0m [32m===============[0m[37m=====[0m [1m1s[0m 62ms/step
[1m126/157[0m [32m================[0m[37m====[0m [1m1s[0m 62ms/step
[1m127/157[0m [32m================[0m[37m====[0m [1m1s[0m 62ms/step
[1m129/157[0m [32m================[0m[37m====[0m [1m1s[0m 62ms/step
[1m130/157[0m [32m================[0m[37m====[0m [1m1s[0m 62ms/step
[1m131/157[0m [32m================[0m[37m====[0m [1m1s[0m 62ms/step
[1m133/157[0m [32m================[0m[37m====[0m [1m1s[0m 61ms/step
[1m134/157[0m [32m=================[0m[37m===[0m [1m1s[0m 61ms/step
[1m136/157[0m [32m=================[0m[37m===[0m [1m1s[0m 61ms/step
[1m137/157[0m [32m=================[0m[37m===[0m [1m1s[0m 61ms/step
[1m138/157[0m [32m=================[0m[37m===[0m [1m1s[0m 61ms/step
[1m139/157[0m [32m=================[0m[37m===[0m [1m1s[0m 61ms/step
[1m140/157[0m [32m=================[0m[37m===[0m [1m1s[0m 61ms/step
[1m141/157[0m [32m=================[0m[37m===[0m [1m0s[0m 61ms/step
[1m143/157[0m [32m==================[0m[37m==[0m [1m0s[0m 61ms/step
[1m144/157[0m [32m==================[0m[37m==[0m [1m0s[0m 61ms/step
[1m145/157[0m [32m==================[0m[37m==[0m [1m0s[0m 61ms/step
[1m146/157[0m [32m==================[0m[37m==[0m [1m0s[0m 61ms/step
[1m147/157[0m [32m==================[0m[37m==[0m [1m0s[0m 61ms/step
[1m148/157[0m [32m==================[0m[37m==[0m [1m0s[0m 61ms/step
[1m149/157[0m [32m==================[0m[37m==[0m [1m0s[0m 61ms/step
[1m150/157[0m [32m===================[0m[37m=[0m [1m0s[0m 61ms/step
[1m151/157[0m [32m===================[0m[37m=[0m [1m0s[0m 62ms/step
[1m152/157[0m [32m===================[0m[37m=[0m [1m0s[0m 62ms/step
[1m153/157[0m [32m===================[0m[37m=[0m [1m0s[0m 62ms/step
[1m154/157[0m [32m===================[0m[37m=[0m [1m0s[0m 62ms/step
[1m155/157[0m [32m===================[0m[37m=[0m [1m0s[0m 62ms/step
[1m156/157[0m [32m===================[0m[37m=[0m [1m0s[0m 62ms/step
[1m157/157[0m [32m====================[0m[37m[0m [1m10s[0m 62ms/step
